Analysis & Synthesis report for simple_alu
Fri Sep 15 21:56:03 2023
Quartus Prime Version 17.0.0 Build 595 04/25/2017 SJ Lite Edition


---------------------
; Table of Contents ;
---------------------
  1. Legal Notice
  2. Analysis & Synthesis Summary
  3. Analysis & Synthesis Settings
  4. Parallel Compilation
  5. Analysis & Synthesis Source Files Read
  6. Analysis & Synthesis Resource Usage Summary
  7. Analysis & Synthesis Resource Utilization by Entity
  8. General Register Statistics
  9. Port Connectivity Checks: "csa32:c1|rca:r1"
 10. Port Connectivity Checks: "csa32:c1|rca:r0"
 11. Port Connectivity Checks: "csa32:c1"
 12. Post-Synthesis Netlist Statistics for Top Partition
 13. Elapsed Time Per Partition
 14. Analysis & Synthesis Messages



----------------
; Legal Notice ;
----------------
Copyright (C) 2017  Intel Corporation. All rights reserved.
Your use of Intel Corporation's design tools, logic functions 
and other software and tools, and its AMPP partner logic 
functions, and any output files from any of the foregoing 
(including device programming or simulation files), and any 
associated documentation or information are expressly subject 
to the terms and conditions of the Intel Program License 
Subscription Agreement, the Intel Quartus Prime License Agreement,
the Intel MegaCore Function License Agreement, or other 
applicable license agreement, including, without limitation, 
that your use is for the sole purpose of programming logic 
devices manufactured by Intel and sold by Intel or its 
authorized distributors.  Please refer to the applicable 
agreement for further details.



+----------------------------------------------------------------------------------+
; Analysis & Synthesis Summary                                                     ;
+------------------------------------+---------------------------------------------+
; Analysis & Synthesis Status        ; Successful - Fri Sep 15 21:56:03 2023       ;
; Quartus Prime Version              ; 17.0.0 Build 595 04/25/2017 SJ Lite Edition ;
; Revision Name                      ; simple_alu                                  ;
; Top-level Entity Name              ; alu                                         ;
; Family                             ; Cyclone IV E                                ;
; Total logic elements               ; 94                                          ;
;     Total combinational functions  ; 94                                          ;
;     Dedicated logic registers      ; 0                                           ;
; Total registers                    ; 0                                           ;
; Total pins                         ; 109                                         ;
; Total virtual pins                 ; 0                                           ;
; Total memory bits                  ; 0                                           ;
; Embedded Multiplier 9-bit elements ; 0                                           ;
; Total PLLs                         ; 0                                           ;
+------------------------------------+---------------------------------------------+


+----------------------------------------------------------------------------------------------------------------------+
; Analysis & Synthesis Settings                                                                                        ;
+----------------------------------------------------------------------------+--------------------+--------------------+
; Option                                                                     ; Setting            ; Default Value      ;
+----------------------------------------------------------------------------+--------------------+--------------------+
; Device                                                                     ; EP4CE115F29C7      ;                    ;
; Top-level entity name                                                      ; alu                ; simple_alu         ;
; Family name                                                                ; Cyclone IV E       ; Cyclone V          ;
; Use smart compilation                                                      ; Off                ; Off                ;
; Enable parallel Assembler and TimeQuest Timing Analyzer during compilation ; On                 ; On                 ;
; Enable compact report table                                                ; Off                ; Off                ;
; Restructure Multiplexers                                                   ; Auto               ; Auto               ;
; Create Debugging Nodes for IP Cores                                        ; Off                ; Off                ;
; Preserve fewer node names                                                  ; On                 ; On                 ;
; OpenCore Plus hardware evaluation                                          ; Enable             ; Enable             ;
; Verilog Version                                                            ; Verilog_2001       ; Verilog_2001       ;
; VHDL Version                                                               ; VHDL_1993          ; VHDL_1993          ;
; State Machine Processing                                                   ; Auto               ; Auto               ;
; Safe State Machine                                                         ; Off                ; Off                ;
; Extract Verilog State Machines                                             ; On                 ; On                 ;
; Extract VHDL State Machines                                                ; On                 ; On                 ;
; Ignore Verilog initial constructs                                          ; Off                ; Off                ;
; Iteration limit for constant Verilog loops                                 ; 5000               ; 5000               ;
; Iteration limit for non-constant Verilog loops                             ; 250                ; 250                ;
; Add Pass-Through Logic to Inferred RAMs                                    ; On                 ; On                 ;
; Infer RAMs from Raw Logic                                                  ; On                 ; On                 ;
; Parallel Synthesis                                                         ; On                 ; On                 ;
; DSP Block Balancing                                                        ; Auto               ; Auto               ;
; NOT Gate Push-Back                                                         ; On                 ; On                 ;
; Power-Up Don't Care                                                        ; On                 ; On                 ;
; Remove Redundant Logic Cells                                               ; Off                ; Off                ;
; Remove Duplicate Registers                                                 ; On                 ; On                 ;
; Ignore CARRY Buffers                                                       ; Off                ; Off                ;
; Ignore CASCADE Buffers                                                     ; Off                ; Off                ;
; Ignore GLOBAL Buffers                                                      ; Off                ; Off                ;
; Ignore ROW GLOBAL Buffers                                                  ; Off                ; Off                ;
; Ignore LCELL Buffers                                                       ; Off                ; Off                ;
; Ignore SOFT Buffers                                                        ; On                 ; On                 ;
; Limit AHDL Integers to 32 Bits                                             ; Off                ; Off                ;
; Optimization Technique                                                     ; Balanced           ; Balanced           ;
; Carry Chain Length                                                         ; 70                 ; 70                 ;
; Auto Carry Chains                                                          ; On                 ; On                 ;
; Auto Open-Drain Pins                                                       ; On                 ; On                 ;
; Perform WYSIWYG Primitive Resynthesis                                      ; Off                ; Off                ;
; Auto ROM Replacement                                                       ; On                 ; On                 ;
; Auto RAM Replacement                                                       ; On                 ; On                 ;
; Auto DSP Block Replacement                                                 ; On                 ; On                 ;
; Auto Shift Register Replacement                                            ; Auto               ; Auto               ;
; Allow Shift Register Merging across Hierarchies                            ; Auto               ; Auto               ;
; Auto Clock Enable Replacement                                              ; On                 ; On                 ;
; Strict RAM Replacement                                                     ; Off                ; Off                ;
; Allow Synchronous Control Signals                                          ; On                 ; On                 ;
; Force Use of Synchronous Clear Signals                                     ; Off                ; Off                ;
; Auto RAM Block Balancing                                                   ; On                 ; On                 ;
; Auto RAM to Logic Cell Conversion                                          ; Off                ; Off                ;
; Auto Resource Sharing                                                      ; Off                ; Off                ;
; Allow Any RAM Size For Recognition                                         ; Off                ; Off                ;
; Allow Any ROM Size For Recognition                                         ; Off                ; Off                ;
; Allow Any Shift Register Size For Recognition                              ; Off                ; Off                ;
; Use LogicLock Constraints during Resource Balancing                        ; On                 ; On                 ;
; Ignore translate_off and synthesis_off directives                          ; Off                ; Off                ;
; Timing-Driven Synthesis                                                    ; On                 ; On                 ;
; Report Parameter Settings                                                  ; On                 ; On                 ;
; Report Source Assignments                                                  ; On                 ; On                 ;
; Report Connectivity Checks                                                 ; On                 ; On                 ;
; Ignore Maximum Fan-Out Assignments                                         ; Off                ; Off                ;
; Synchronization Register Chain Length                                      ; 2                  ; 2                  ;
; PowerPlay Power Optimization During Synthesis                              ; Normal compilation ; Normal compilation ;
; HDL message level                                                          ; Level2             ; Level2             ;
; Suppress Register Optimization Related Messages                            ; Off                ; Off                ;
; Number of Removed Registers Reported in Synthesis Report                   ; 5000               ; 5000               ;
; Number of Swept Nodes Reported in Synthesis Report                         ; 5000               ; 5000               ;
; Number of Inverted Registers Reported in Synthesis Report                  ; 100                ; 100                ;
; Clock MUX Protection                                                       ; On                 ; On                 ;
; Auto Gated Clock Conversion                                                ; Off                ; Off                ;
; Block Design Naming                                                        ; Auto               ; Auto               ;
; SDC constraint protection                                                  ; Off                ; Off                ;
; Synthesis Effort                                                           ; Auto               ; Auto               ;
; Shift Register Replacement - Allow Asynchronous Clear Signal               ; On                 ; On                 ;
; Pre-Mapping Resynthesis Optimization                                       ; Off                ; Off                ;
; Analysis & Synthesis Message Level                                         ; Medium             ; Medium             ;
; Disable Register Merging Across Hierarchies                                ; Auto               ; Auto               ;
; Resource Aware Inference For Block RAM                                     ; On                 ; On                 ;
+----------------------------------------------------------------------------+--------------------+--------------------+


+------------------------------------------+
; Parallel Compilation                     ;
+----------------------------+-------------+
; Processors                 ; Number      ;
+----------------------------+-------------+
; Number detected on machine ; 16          ;
; Maximum allowed            ; 16          ;
;                            ;             ;
; Average used               ; 1.00        ;
; Maximum used               ; 1           ;
;                            ;             ;
; Usage by Processor         ; % Time Used ;
;     Processor 1            ; 100.0%      ;
+----------------------------+-------------+


+-----------------------------------------------------------------------------------------------------------------------------------------------------------------------------------------+
; Analysis & Synthesis Source Files Read                                                                                                                                                  ;
+----------------------------------+-----------------+------------------------+-------------------------------------------------------------------------------------------------+---------+
; File Name with User-Entered Path ; Used in Netlist ; File Type              ; File Name with Absolute Path                                                                    ; Library ;
+----------------------------------+-----------------+------------------------+-------------------------------------------------------------------------------------------------+---------+
; alu.v                            ; yes             ; User Verilog HDL File  ; C:/Users/Lutas/OneDrive/Desktop/Class/ECE-550D/Homework/Project_Checkpoint_1/simple_alu/alu.v   ;         ;
; rca.v                            ; yes             ; User Verilog HDL File  ; C:/Users/Lutas/OneDrive/Desktop/Class/ECE-550D/Homework/Project_Checkpoint_1/simple_alu/rca.v   ;         ;
; fa.v                             ; yes             ; User Verilog HDL File  ; C:/Users/Lutas/OneDrive/Desktop/Class/ECE-550D/Homework/Project_Checkpoint_1/simple_alu/fa.v    ;         ;
; csa32.v                          ; yes             ; User Verilog HDL File  ; C:/Users/Lutas/OneDrive/Desktop/Class/ECE-550D/Homework/Project_Checkpoint_1/simple_alu/csa32.v ;         ;
+----------------------------------+-----------------+------------------------+-------------------------------------------------------------------------------------------------+---------+


+-----------------------------------------------------------------------+
; Analysis & Synthesis Resource Usage Summary                           ;
+---------------------------------------------+-------------------------+
; Resource                                    ; Usage                   ;
+---------------------------------------------+-------------------------+
; Estimated Total logic elements              ; 94                      ;
;                                             ;                         ;
; Total combinational functions               ; 94                      ;
; Logic element usage by number of LUT inputs ;                         ;
;     -- 4 input functions                    ; 73                      ;
;     -- 3 input functions                    ; 18                      ;
;     -- <=2 input functions                  ; 3                       ;
;                                             ;                         ;
; Logic elements by mode                      ;                         ;
;     -- normal mode                          ; 94                      ;
;     -- arithmetic mode                      ; 0                       ;
;                                             ;                         ;
; Total registers                             ; 0                       ;
;     -- Dedicated logic registers            ; 0                       ;
;     -- I/O registers                        ; 0                       ;
;                                             ;                         ;
; I/O pins                                    ; 109                     ;
;                                             ;                         ;
; Embedded Multiplier 9-bit elements          ; 0                       ;
;                                             ;                         ;
; Maximum fan-out node                        ; ctrl_ALUopcode[0]~input ;
; Maximum fan-out                             ; 76                      ;
; Total fan-out                               ; 494                     ;
; Average fan-out                             ; 1.58                    ;
+---------------------------------------------+-------------------------+


+-------------------------------------------------------------------------------------------------------------------------------------------------------------------------------------------------------------------------------+
; Analysis & Synthesis Resource Utilization by Entity                                                                                                                                                                           ;
+------------------------------+---------------------+---------------------------+-------------+--------------+---------+-----------+------+--------------+----------------------------------------+-------------+--------------+
; Compilation Hierarchy Node   ; Combinational ALUTs ; Dedicated Logic Registers ; Memory Bits ; DSP Elements ; DSP 9x9 ; DSP 18x18 ; Pins ; Virtual Pins ; Full Hierarchy Name                    ; Entity Name ; Library Name ;
+------------------------------+---------------------+---------------------------+-------------+--------------+---------+-----------+------+--------------+----------------------------------------+-------------+--------------+
; |alu                         ; 94 (2)              ; 0 (0)                     ; 0           ; 0            ; 0       ; 0         ; 109  ; 0            ; |alu                                   ; alu         ; work         ;
;    |csa32:c1|                ; 92 (19)             ; 0 (0)                     ; 0           ; 0            ; 0       ; 0         ; 0    ; 0            ; |alu|csa32:c1                          ; csa32       ; work         ;
;       |rca:r0|               ; 14 (0)              ; 0 (0)                     ; 0           ; 0            ; 0       ; 0         ; 0    ; 0            ; |alu|csa32:c1|rca:r0                   ; rca         ; work         ;
;          |fa:f0|             ; 1 (1)               ; 0 (0)                     ; 0           ; 0            ; 0       ; 0         ; 0    ; 0            ; |alu|csa32:c1|rca:r0|fa:f0             ; fa          ; work         ;
;          |fa:fa_loop[10].f1| ; 1 (1)               ; 0 (0)                     ; 0           ; 0            ; 0       ; 0         ; 0    ; 0            ; |alu|csa32:c1|rca:r0|fa:fa_loop[10].f1 ; fa          ; work         ;
;          |fa:fa_loop[11].f1| ; 1 (1)               ; 0 (0)                     ; 0           ; 0            ; 0       ; 0         ; 0    ; 0            ; |alu|csa32:c1|rca:r0|fa:fa_loop[11].f1 ; fa          ; work         ;
;          |fa:fa_loop[12].f1| ; 1 (1)               ; 0 (0)                     ; 0           ; 0            ; 0       ; 0         ; 0    ; 0            ; |alu|csa32:c1|rca:r0|fa:fa_loop[12].f1 ; fa          ; work         ;
;          |fa:fa_loop[13].f1| ; 1 (1)               ; 0 (0)                     ; 0           ; 0            ; 0       ; 0         ; 0    ; 0            ; |alu|csa32:c1|rca:r0|fa:fa_loop[13].f1 ; fa          ; work         ;
;          |fa:fa_loop[1].f1|  ; 1 (1)               ; 0 (0)                     ; 0           ; 0            ; 0       ; 0         ; 0    ; 0            ; |alu|csa32:c1|rca:r0|fa:fa_loop[1].f1  ; fa          ; work         ;
;          |fa:fa_loop[2].f1|  ; 1 (1)               ; 0 (0)                     ; 0           ; 0            ; 0       ; 0         ; 0    ; 0            ; |alu|csa32:c1|rca:r0|fa:fa_loop[2].f1  ; fa          ; work         ;
;          |fa:fa_loop[3].f1|  ; 1 (1)               ; 0 (0)                     ; 0           ; 0            ; 0       ; 0         ; 0    ; 0            ; |alu|csa32:c1|rca:r0|fa:fa_loop[3].f1  ; fa          ; work         ;
;          |fa:fa_loop[4].f1|  ; 1 (1)               ; 0 (0)                     ; 0           ; 0            ; 0       ; 0         ; 0    ; 0            ; |alu|csa32:c1|rca:r0|fa:fa_loop[4].f1  ; fa          ; work         ;
;          |fa:fa_loop[5].f1|  ; 1 (1)               ; 0 (0)                     ; 0           ; 0            ; 0       ; 0         ; 0    ; 0            ; |alu|csa32:c1|rca:r0|fa:fa_loop[5].f1  ; fa          ; work         ;
;          |fa:fa_loop[6].f1|  ; 1 (1)               ; 0 (0)                     ; 0           ; 0            ; 0       ; 0         ; 0    ; 0            ; |alu|csa32:c1|rca:r0|fa:fa_loop[6].f1  ; fa          ; work         ;
;          |fa:fa_loop[7].f1|  ; 1 (1)               ; 0 (0)                     ; 0           ; 0            ; 0       ; 0         ; 0    ; 0            ; |alu|csa32:c1|rca:r0|fa:fa_loop[7].f1  ; fa          ; work         ;
;          |fa:fa_loop[8].f1|  ; 1 (1)               ; 0 (0)                     ; 0           ; 0            ; 0       ; 0         ; 0    ; 0            ; |alu|csa32:c1|rca:r0|fa:fa_loop[8].f1  ; fa          ; work         ;
;          |fa:fa_loop[9].f1|  ; 1 (1)               ; 0 (0)                     ; 0           ; 0            ; 0       ; 0         ; 0    ; 0            ; |alu|csa32:c1|rca:r0|fa:fa_loop[9].f1  ; fa          ; work         ;
;       |rca:r1|               ; 27 (0)              ; 0 (0)                     ; 0           ; 0            ; 0       ; 0         ; 0    ; 0            ; |alu|csa32:c1|rca:r1                   ; rca         ; work         ;
;          |fa:fa_loop[10].f1| ; 2 (2)               ; 0 (0)                     ; 0           ; 0            ; 0       ; 0         ; 0    ; 0            ; |alu|csa32:c1|rca:r1|fa:fa_loop[10].f1 ; fa          ; work         ;
;          |fa:fa_loop[11].f1| ; 2 (2)               ; 0 (0)                     ; 0           ; 0            ; 0       ; 0         ; 0    ; 0            ; |alu|csa32:c1|rca:r1|fa:fa_loop[11].f1 ; fa          ; work         ;
;          |fa:fa_loop[12].f1| ; 2 (2)               ; 0 (0)                     ; 0           ; 0            ; 0       ; 0         ; 0    ; 0            ; |alu|csa32:c1|rca:r1|fa:fa_loop[12].f1 ; fa          ; work         ;
;          |fa:fa_loop[13].f1| ; 2 (2)               ; 0 (0)                     ; 0           ; 0            ; 0       ; 0         ; 0    ; 0            ; |alu|csa32:c1|rca:r1|fa:fa_loop[13].f1 ; fa          ; work         ;
;          |fa:fa_loop[14].f1| ; 1 (1)               ; 0 (0)                     ; 0           ; 0            ; 0       ; 0         ; 0    ; 0            ; |alu|csa32:c1|rca:r1|fa:fa_loop[14].f1 ; fa          ; work         ;
;          |fa:fa_loop[1].f1|  ; 2 (2)               ; 0 (0)                     ; 0           ; 0            ; 0       ; 0         ; 0    ; 0            ; |alu|csa32:c1|rca:r1|fa:fa_loop[1].f1  ; fa          ; work         ;
;          |fa:fa_loop[2].f1|  ; 2 (2)               ; 0 (0)                     ; 0           ; 0            ; 0       ; 0         ; 0    ; 0            ; |alu|csa32:c1|rca:r1|fa:fa_loop[2].f1  ; fa          ; work         ;
;          |fa:fa_loop[3].f1|  ; 2 (2)               ; 0 (0)                     ; 0           ; 0            ; 0       ; 0         ; 0    ; 0            ; |alu|csa32:c1|rca:r1|fa:fa_loop[3].f1  ; fa          ; work         ;
;          |fa:fa_loop[4].f1|  ; 2 (2)               ; 0 (0)                     ; 0           ; 0            ; 0       ; 0         ; 0    ; 0            ; |alu|csa32:c1|rca:r1|fa:fa_loop[4].f1  ; fa          ; work         ;
;          |fa:fa_loop[5].f1|  ; 2 (2)               ; 0 (0)                     ; 0           ; 0            ; 0       ; 0         ; 0    ; 0            ; |alu|csa32:c1|rca:r1|fa:fa_loop[5].f1  ; fa          ; work         ;
;          |fa:fa_loop[6].f1|  ; 2 (2)               ; 0 (0)                     ; 0           ; 0            ; 0       ; 0         ; 0    ; 0            ; |alu|csa32:c1|rca:r1|fa:fa_loop[6].f1  ; fa          ; work         ;
;          |fa:fa_loop[7].f1|  ; 2 (2)               ; 0 (0)                     ; 0           ; 0            ; 0       ; 0         ; 0    ; 0            ; |alu|csa32:c1|rca:r1|fa:fa_loop[7].f1  ; fa          ; work         ;
;          |fa:fa_loop[8].f1|  ; 2 (2)               ; 0 (0)                     ; 0           ; 0            ; 0       ; 0         ; 0    ; 0            ; |alu|csa32:c1|rca:r1|fa:fa_loop[8].f1  ; fa          ; work         ;
;          |fa:fa_loop[9].f1|  ; 2 (2)               ; 0 (0)                     ; 0           ; 0            ; 0       ; 0         ; 0    ; 0            ; |alu|csa32:c1|rca:r1|fa:fa_loop[9].f1  ; fa          ; work         ;
;       |rca:r|                ; 32 (0)              ; 0 (0)                     ; 0           ; 0            ; 0       ; 0         ; 0    ; 0            ; |alu|csa32:c1|rca:r                    ; rca         ; work         ;
;          |fa:f0|             ; 2 (2)               ; 0 (0)                     ; 0           ; 0            ; 0       ; 0         ; 0    ; 0            ; |alu|csa32:c1|rca:r|fa:f0              ; fa          ; work         ;
;          |fa:f15|            ; 2 (2)               ; 0 (0)                     ; 0           ; 0            ; 0       ; 0         ; 0    ; 0            ; |alu|csa32:c1|rca:r|fa:f15             ; fa          ; work         ;
;          |fa:fa_loop[10].f1| ; 2 (2)               ; 0 (0)                     ; 0           ; 0            ; 0       ; 0         ; 0    ; 0            ; |alu|csa32:c1|rca:r|fa:fa_loop[10].f1  ; fa          ; work         ;
;          |fa:fa_loop[11].f1| ; 2 (2)               ; 0 (0)                     ; 0           ; 0            ; 0       ; 0         ; 0    ; 0            ; |alu|csa32:c1|rca:r|fa:fa_loop[11].f1  ; fa          ; work         ;
;          |fa:fa_loop[12].f1| ; 2 (2)               ; 0 (0)                     ; 0           ; 0            ; 0       ; 0         ; 0    ; 0            ; |alu|csa32:c1|rca:r|fa:fa_loop[12].f1  ; fa          ; work         ;
;          |fa:fa_loop[13].f1| ; 2 (2)               ; 0 (0)                     ; 0           ; 0            ; 0       ; 0         ; 0    ; 0            ; |alu|csa32:c1|rca:r|fa:fa_loop[13].f1  ; fa          ; work         ;
;          |fa:fa_loop[14].f1| ; 2 (2)               ; 0 (0)                     ; 0           ; 0            ; 0       ; 0         ; 0    ; 0            ; |alu|csa32:c1|rca:r|fa:fa_loop[14].f1  ; fa          ; work         ;
;          |fa:fa_loop[1].f1|  ; 2 (2)               ; 0 (0)                     ; 0           ; 0            ; 0       ; 0         ; 0    ; 0            ; |alu|csa32:c1|rca:r|fa:fa_loop[1].f1   ; fa          ; work         ;
;          |fa:fa_loop[2].f1|  ; 2 (2)               ; 0 (0)                     ; 0           ; 0            ; 0       ; 0         ; 0    ; 0            ; |alu|csa32:c1|rca:r|fa:fa_loop[2].f1   ; fa          ; work         ;
;          |fa:fa_loop[3].f1|  ; 2 (2)               ; 0 (0)                     ; 0           ; 0            ; 0       ; 0         ; 0    ; 0            ; |alu|csa32:c1|rca:r|fa:fa_loop[3].f1   ; fa          ; work         ;
;          |fa:fa_loop[4].f1|  ; 2 (2)               ; 0 (0)                     ; 0           ; 0            ; 0       ; 0         ; 0    ; 0            ; |alu|csa32:c1|rca:r|fa:fa_loop[4].f1   ; fa          ; work         ;
;          |fa:fa_loop[5].f1|  ; 2 (2)               ; 0 (0)                     ; 0           ; 0            ; 0       ; 0         ; 0    ; 0            ; |alu|csa32:c1|rca:r|fa:fa_loop[5].f1   ; fa          ; work         ;
;          |fa:fa_loop[6].f1|  ; 2 (2)               ; 0 (0)                     ; 0           ; 0            ; 0       ; 0         ; 0    ; 0            ; |alu|csa32:c1|rca:r|fa:fa_loop[6].f1   ; fa          ; work         ;
;          |fa:fa_loop[7].f1|  ; 2 (2)               ; 0 (0)                     ; 0           ; 0            ; 0       ; 0         ; 0    ; 0            ; |alu|csa32:c1|rca:r|fa:fa_loop[7].f1   ; fa          ; work         ;
;          |fa:fa_loop[8].f1|  ; 2 (2)               ; 0 (0)                     ; 0           ; 0            ; 0       ; 0         ; 0    ; 0            ; |alu|csa32:c1|rca:r|fa:fa_loop[8].f1   ; fa          ; work         ;
;          |fa:fa_loop[9].f1|  ; 2 (2)               ; 0 (0)                     ; 0           ; 0            ; 0       ; 0         ; 0    ; 0            ; |alu|csa32:c1|rca:r|fa:fa_loop[9].f1   ; fa          ; work         ;
+------------------------------+---------------------+---------------------------+-------------+--------------+---------+-----------+------+--------------+----------------------------------------+-------------+--------------+
Note: For table entries with two numbers listed, the numbers in parentheses indicate the number of resources of the given type used by the specific entity alone. The numbers listed outside of parentheses indicate the total resources of the given type used by the specific entity and all of its sub-entities in the hierarchy.


+------------------------------------------------------+
; General Register Statistics                          ;
+----------------------------------------------+-------+
; Statistic                                    ; Value ;
+----------------------------------------------+-------+
; Total registers                              ; 0     ;
; Number of registers using Synchronous Clear  ; 0     ;
; Number of registers using Synchronous Load   ; 0     ;
; Number of registers using Asynchronous Clear ; 0     ;
; Number of registers using Asynchronous Load  ; 0     ;
; Number of registers using Clock Enable       ; 0     ;
; Number of registers using Preset             ; 0     ;
+----------------------------------------------+-------+


+-----------------------------------------------------------------------------------------------------------------------------------------------------------------------------------------------------------------+
; Port Connectivity Checks: "csa32:c1|rca:r1"                                                                                                                                                                     ;
+---------+-------+----------+------------------------------------------------------------------------------------------------------------------------------------------------------------------------------------+
; Port    ; Type  ; Severity ; Details                                                                                                                                                                            ;
+---------+-------+----------+------------------------------------------------------------------------------------------------------------------------------------------------------------------------------------+
; cin     ; Input ; Warning  ; Input port expression (32 bits) is wider than the input port (1 bits) it drives.  The 31 most-significant bit(s) in the expression will be dangling if they have no other fanouts. ;
; cin[-1] ; Input ; Info     ; Stuck at VCC                                                                                                                                                                       ;
+---------+-------+----------+------------------------------------------------------------------------------------------------------------------------------------------------------------------------------------+


+-----------------------------------------------------------------------------------------------------------------------------------------------------------------------------------------------------------------+
; Port Connectivity Checks: "csa32:c1|rca:r0"                                                                                                                                                                     ;
+---------+-------+----------+------------------------------------------------------------------------------------------------------------------------------------------------------------------------------------+
; Port    ; Type  ; Severity ; Details                                                                                                                                                                            ;
+---------+-------+----------+------------------------------------------------------------------------------------------------------------------------------------------------------------------------------------+
; cin     ; Input ; Warning  ; Input port expression (32 bits) is wider than the input port (1 bits) it drives.  The 31 most-significant bit(s) in the expression will be dangling if they have no other fanouts. ;
; cin[-1] ; Input ; Info     ; Stuck at GND                                                                                                                                                                       ;
+---------+-------+----------+------------------------------------------------------------------------------------------------------------------------------------------------------------------------------------+


+----------------------------------------------------------------------------------------------------------------+
; Port Connectivity Checks: "csa32:c1"                                                                           ;
+------+--------+----------+-------------------------------------------------------------------------------------+
; Port ; Type   ; Severity ; Details                                                                             ;
+------+--------+----------+-------------------------------------------------------------------------------------+
; cout ; Output ; Info     ; Connected to dangling logic. Logic that only feeds a dangling port will be removed. ;
+------+--------+----------+-------------------------------------------------------------------------------------+


+-----------------------------------------------------+
; Post-Synthesis Netlist Statistics for Top Partition ;
+-----------------------+-----------------------------+
; Type                  ; Count                       ;
+-----------------------+-----------------------------+
; boundary_port         ; 109                         ;
; cycloneiii_lcell_comb ; 95                          ;
;     normal            ; 95                          ;
;         0 data inputs ; 1                           ;
;         2 data inputs ; 3                           ;
;         3 data inputs ; 18                          ;
;         4 data inputs ; 73                          ;
;                       ;                             ;
; Max LUT depth         ; 19.00                       ;
; Average LUT depth     ; 12.38                       ;
+-----------------------+-----------------------------+


+-------------------------------+
; Elapsed Time Per Partition    ;
+----------------+--------------+
; Partition Name ; Elapsed Time ;
+----------------+--------------+
; Top            ; 00:00:00     ;
+----------------+--------------+


+-------------------------------+
; Analysis & Synthesis Messages ;
+-------------------------------+
Info: *******************************************************************
Info: Running Quartus Prime Analysis & Synthesis
    Info: Version 17.0.0 Build 595 04/25/2017 SJ Lite Edition
    Info: Processing started: Fri Sep 15 21:55:51 2023
Info: Command: quartus_map --read_settings_files=on --write_settings_files=off simple_alu -c simple_alu
Warning (18236): Number of processors has not been specified which may cause overloading on shared machines.  Set the global assignment NUM_PARALLEL_PROCESSORS in your QSF to an appropriate value for best performance.
Info (20030): Parallel compilation is enabled and will use 16 of the 16 processors detected
Info (12021): Found 1 design units, including 1 entities, in source file alu.v
    Info (12023): Found entity 1: alu File: C:/Users/Lutas/OneDrive/Desktop/Class/ECE-550D/Homework/Project_Checkpoint_1/simple_alu/alu.v Line: 1
Info (12021): Found 1 design units, including 1 entities, in source file alu_tb.v
    Info (12023): Found entity 1: alu_tb File: C:/Users/Lutas/OneDrive/Desktop/Class/ECE-550D/Homework/Project_Checkpoint_1/simple_alu/alu_tb.v Line: 3
Info (12021): Found 1 design units, including 1 entities, in source file rca.v
    Info (12023): Found entity 1: rca File: C:/Users/Lutas/OneDrive/Desktop/Class/ECE-550D/Homework/Project_Checkpoint_1/simple_alu/rca.v Line: 1
Info (12021): Found 1 design units, including 1 entities, in source file fa.v
    Info (12023): Found entity 1: fa File: C:/Users/Lutas/OneDrive/Desktop/Class/ECE-550D/Homework/Project_Checkpoint_1/simple_alu/fa.v Line: 1
Info (12021): Found 1 design units, including 1 entities, in source file csa32.v
    Info (12023): Found entity 1: csa32 File: C:/Users/Lutas/OneDrive/Desktop/Class/ECE-550D/Homework/Project_Checkpoint_1/simple_alu/csa32.v Line: 1
Warning (10236): Verilog HDL Implicit Net warning at csa32.v(20): created implicit net for "a1" File: C:/Users/Lutas/OneDrive/Desktop/Class/ECE-550D/Homework/Project_Checkpoint_1/simple_alu/csa32.v Line: 20
Warning (10236): Verilog HDL Implicit Net warning at csa32.v(21): created implicit net for "a2" File: C:/Users/Lutas/OneDrive/Desktop/Class/ECE-550D/Homework/Project_Checkpoint_1/simple_alu/csa32.v Line: 21
Info (12127): Elaborating entity "alu" for the top level hierarchy
Warning (10034): Output port "isNotEqual" at alu.v(7) has no driver File: C:/Users/Lutas/OneDrive/Desktop/Class/ECE-550D/Homework/Project_Checkpoint_1/simple_alu/alu.v Line: 7
Warning (10034): Output port "isLessThan" at alu.v(7) has no driver File: C:/Users/Lutas/OneDrive/Desktop/Class/ECE-550D/Homework/Project_Checkpoint_1/simple_alu/alu.v Line: 7
Info (12128): Elaborating entity "csa32" for hierarchy "csa32:c1" File: C:/Users/Lutas/OneDrive/Desktop/Class/ECE-550D/Homework/Project_Checkpoint_1/simple_alu/alu.v Line: 26
Info (12128): Elaborating entity "rca" for hierarchy "csa32:c1|rca:r" File: C:/Users/Lutas/OneDrive/Desktop/Class/ECE-550D/Homework/Project_Checkpoint_1/simple_alu/csa32.v Line: 6
Info (12128): Elaborating entity "fa" for hierarchy "csa32:c1|rca:r|fa:f0" File: C:/Users/Lutas/OneDrive/Desktop/Class/ECE-550D/Homework/Project_Checkpoint_1/simple_alu/rca.v Line: 5
Warning (12241): 2 hierarchies have connectivity warnings - see the Connectivity Checks report folder
Warning (13024): Output pins are stuck at VCC or GND
    Warning (13410): Pin "isNotEqual" is stuck at GND File: C:/Users/Lutas/OneDrive/Desktop/Class/ECE-550D/Homework/Project_Checkpoint_1/simple_alu/alu.v Line: 7
    Warning (13410): Pin "isLessThan" is stuck at GND File: C:/Users/Lutas/OneDrive/Desktop/Class/ECE-550D/Homework/Project_Checkpoint_1/simple_alu/alu.v Line: 7
Info (286030): Timing-Driven Synthesis is running
Info (16010): Generating hard_block partition "hard_block:auto_generated_inst"
    Info (16011): Adding 0 node(s), including 0 DDIO, 0 PLL, 0 transceiver and 0 LCELL
Warning (21074): Design contains 9 input pin(s) that do not drive logic
    Warning (15610): No output dependent on input pin "ctrl_ALUopcode[1]" File: C:/Users/Lutas/OneDrive/Desktop/Class/ECE-550D/Homework/Project_Checkpoint_1/simple_alu/alu.v Line: 4
    Warning (15610): No output dependent on input pin "ctrl_ALUopcode[2]" File: C:/Users/Lutas/OneDrive/Desktop/Class/ECE-550D/Homework/Project_Checkpoint_1/simple_alu/alu.v Line: 4
    Warning (15610): No output dependent on input pin "ctrl_ALUopcode[3]" File: C:/Users/Lutas/OneDrive/Desktop/Class/ECE-550D/Homework/Project_Checkpoint_1/simple_alu/alu.v Line: 4
    Warning (15610): No output dependent on input pin "ctrl_ALUopcode[4]" File: C:/Users/Lutas/OneDrive/Desktop/Class/ECE-550D/Homework/Project_Checkpoint_1/simple_alu/alu.v Line: 4
    Warning (15610): No output dependent on input pin "ctrl_shiftamt[0]" File: C:/Users/Lutas/OneDrive/Desktop/Class/ECE-550D/Homework/Project_Checkpoint_1/simple_alu/alu.v Line: 4
    Warning (15610): No output dependent on input pin "ctrl_shiftamt[1]" File: C:/Users/Lutas/OneDrive/Desktop/Class/ECE-550D/Homework/Project_Checkpoint_1/simple_alu/alu.v Line: 4
    Warning (15610): No output dependent on input pin "ctrl_shiftamt[2]" File: C:/Users/Lutas/OneDrive/Desktop/Class/ECE-550D/Homework/Project_Checkpoint_1/simple_alu/alu.v Line: 4
    Warning (15610): No output dependent on input pin "ctrl_shiftamt[3]" File: C:/Users/Lutas/OneDrive/Desktop/Class/ECE-550D/Homework/Project_Checkpoint_1/simple_alu/alu.v Line: 4
    Warning (15610): No output dependent on input pin "ctrl_shiftamt[4]" File: C:/Users/Lutas/OneDrive/Desktop/Class/ECE-550D/Homework/Project_Checkpoint_1/simple_alu/alu.v Line: 4
Info (21057): Implemented 203 device resources after synthesis - the final resource count might be different
    Info (21058): Implemented 74 input pins
    Info (21059): Implemented 35 output pins
    Info (21061): Implemented 94 logic cells
Info: Quartus Prime Analysis & Synthesis was successful. 0 errors, 19 warnings
    Info: Peak virtual memory: 4777 megabytes
    Info: Processing ended: Fri Sep 15 21:56:03 2023
    Info: Elapsed time: 00:00:12
    Info: Total CPU time (on all processors): 00:00:12


